<?xml version="1.0" encoding="UTF-8"?>
<!-- Generated by org.testng.reporters.JUnitXMLReporter -->
<testsuite ignored="0" hostname="DESKTOP-9OK67VU" failures="0" tests="3" name="Test" time="317.045" errors="0" timestamp="2022-10-23T11:21:57 IST">
  <testcase classname="testcases.SimplilearnLoginTest" name="Test1" time="25.265"/>
  <testcase classname="testcases.SimplilearnLoginTest" name="Test2" time="51.501"/>
  <testcase classname="testcases.SimplilearnLoginTest" name="Test3" time="27.663"/>
</testsuite> <!-- Test -->
