<?xml version="1.0" encoding="UTF-8"?>
<!-- Generated by org.testng.reporters.JUnitXMLReporter -->
<testsuite hostname="DESKTOP-9OK67VU" ignored="0" name="Test" tests="3" failures="0" timestamp="2022-10-23T12:47:52 IST" time="286.556" errors="0">
  <testcase name="Test1" time="44.534" classname="testcases.SimplilearnLoginTest"/>
  <testcase name="Test2" time="17.189" classname="testcases.SimplilearnLoginTest"/>
  <testcase name="Test3" time="32.864" classname="testcases.SimplilearnLoginTest"/>
</testsuite> <!-- Test -->
