<?xml version="1.0" encoding="UTF-8"?>
<testng-results ignored="0" total="3" passed="3" failed="0" skipped="0">
  <reporter-output>
  </reporter-output>
  <suite started-at="2022-10-23T11:16:40 IST" name="Suite" finished-at="2022-10-23T11:21:57 IST" duration-ms="317045">
    <groups>
    </groups>
    <test started-at="2022-10-23T11:16:40 IST" name="Test" finished-at="2022-10-23T11:21:57 IST" duration-ms="317045">
      <class name="testcases.SimplilearnLoginTest">
        <test-method is-config="true" signature="DataSetUp()[pri:0, instance:testcases.SimplilearnLoginTest@614ca7df]" started-at="2022-10-23T11:16:40 IST" name="DataSetUp" finished-at="2022-10-23T11:16:49 IST" duration-ms="9022" status="PASS">
          <reporter-output>
          </reporter-output>
        </test-method> <!-- DataSetUp -->
        <test-method is-config="true" signature="SetUp(java.lang.reflect.Method)[pri:0, instance:testcases.SimplilearnLoginTest@614ca7df]" started-at="2022-10-23T11:16:49 IST" name="SetUp" finished-at="2022-10-23T11:18:28 IST" duration-ms="98686" status="PASS">
          <params>
            <param index="0">
              <value>
                <![CDATA[public void testcases.SimplilearnLoginTest.Test1()]]>
              </value>
            </param>
          </params>
          <reporter-output>
          </reporter-output>
        </test-method> <!-- SetUp -->
        <test-method signature="Test1()[pri:0, instance:testcases.SimplilearnLoginTest@614ca7df]" started-at="2022-10-23T11:18:28 IST" name="Test1" finished-at="2022-10-23T11:18:53 IST" duration-ms="25265" status="PASS">
          <reporter-output>
          </reporter-output>
        </test-method> <!-- Test1 -->
        <test-method is-config="true" signature="TearDown()[pri:0, instance:testcases.SimplilearnLoginTest@614ca7df]" started-at="2022-10-23T11:18:53 IST" name="TearDown" finished-at="2022-10-23T11:18:55 IST" duration-ms="2314" status="PASS">
          <reporter-output>
          </reporter-output>
        </test-method> <!-- TearDown -->
        <test-method is-config="true" signature="SetUp(java.lang.reflect.Method)[pri:0, instance:testcases.SimplilearnLoginTest@614ca7df]" started-at="2022-10-23T11:18:55 IST" name="SetUp" finished-at="2022-10-23T11:20:20 IST" duration-ms="84518" status="PASS">
          <params>
            <param index="0">
              <value>
                <![CDATA[public void testcases.SimplilearnLoginTest.Test2(java.lang.String,java.lang.String)]]>
              </value>
            </param>
          </params>
          <reporter-output>
          </reporter-output>
        </test-method> <!-- SetUp -->
        <test-method signature="Test2(java.lang.String,java.lang.String)[pri:0, instance:testcases.SimplilearnLoginTest@614ca7df]" started-at="2022-10-23T11:20:20 IST" name="Test2" finished-at="2022-10-23T11:21:11 IST" duration-ms="51501" status="PASS">
          <params>
            <param index="0">
              <value>
                <![CDATA[abc@xyz.com]]>
              </value>
            </param>
            <param index="1">
              <value>
                <![CDATA[Abc@1234]]>
              </value>
            </param>
          </params>
          <reporter-output>
          </reporter-output>
        </test-method> <!-- Test2 -->
        <test-method is-config="true" signature="TearDown()[pri:0, instance:testcases.SimplilearnLoginTest@614ca7df]" started-at="2022-10-23T11:21:11 IST" name="TearDown" finished-at="2022-10-23T11:21:12 IST" duration-ms="847" status="PASS">
          <reporter-output>
          </reporter-output>
        </test-method> <!-- TearDown -->
        <test-method is-config="true" signature="SetUp(java.lang.reflect.Method)[pri:0, instance:testcases.SimplilearnLoginTest@614ca7df]" started-at="2022-10-23T11:21:12 IST" name="SetUp" finished-at="2022-10-23T11:21:27 IST" duration-ms="15059" status="PASS">
          <params>
            <param index="0">
              <value>
                <![CDATA[public void testcases.SimplilearnLoginTest.Test3()]]>
              </value>
            </param>
          </params>
          <reporter-output>
          </reporter-output>
        </test-method> <!-- SetUp -->
        <test-method signature="Test3()[pri:0, instance:testcases.SimplilearnLoginTest@614ca7df]" started-at="2022-10-23T11:21:27 IST" name="Test3" finished-at="2022-10-23T11:21:55 IST" duration-ms="27663" status="PASS">
          <reporter-output>
          </reporter-output>
        </test-method> <!-- Test3 -->
        <test-method is-config="true" signature="TearDown()[pri:0, instance:testcases.SimplilearnLoginTest@614ca7df]" started-at="2022-10-23T11:21:55 IST" name="TearDown" finished-at="2022-10-23T11:21:55 IST" duration-ms="448" status="PASS">
          <reporter-output>
          </reporter-output>
        </test-method> <!-- TearDown -->
        <test-method is-config="true" signature="DataClean()[pri:0, instance:testcases.SimplilearnLoginTest@614ca7df]" started-at="2022-10-23T11:21:55 IST" name="DataClean" finished-at="2022-10-23T11:21:57 IST" duration-ms="1409" status="PASS">
          <reporter-output>
          </reporter-output>
        </test-method> <!-- DataClean -->
      </class> <!-- testcases.SimplilearnLoginTest -->
    </test> <!-- Test -->
  </suite> <!-- Suite -->
</testng-results>
